2024-12-11 20:40:06,520 - INFO - Application reset
2024-12-11 20:40:10,515 - INFO - Application started
2024-12-11 20:40:10,523 - INFO - Application session ended
2024-12-11 20:40:26,938 - INFO - Application started
2024-12-11 20:40:26,944 - INFO - Application session ended
2024-12-11 20:40:29,081 - INFO - Application started
2024-12-11 20:40:29,089 - INFO - Application session ended
2024-12-11 20:41:25,785 - INFO - Application started
2024-12-11 20:41:25,792 - INFO - User submitted form with the following inputs:
2024-12-11 20:41:25,792 - INFO - Product Name: apple watch
2024-12-11 20:41:25,792 - INFO - Company URL: www.apple.com
2024-12-11 20:41:25,792 - INFO - Product Category: wearables
2024-12-11 20:41:25,793 - INFO - Competitors: www.fitbit.com, www.garmin.com
2024-12-11 20:41:25,793 - INFO - Value Proposition: apple watch is the most advanced smart watch
2024-12-11 20:41:25,793 - INFO - Target Customer: athletes
2024-12-11 20:41:25,831 - INFO - Successfully parsed PDF file: applewatch.pdf
2024-12-11 20:41:25,831 - INFO - Uploaded file parsed: applewatch.pdf
2024-12-11 20:41:28,124 - INFO - Successfully scraped website: www.apple.com
2024-12-11 20:41:30,895 - INFO - Successfully scraped website: www.fitbit.com
2024-12-11 20:41:33,842 - INFO - Successfully scraped website: www.garmin.com
2024-12-11 20:41:34,750 - INFO - Generated Insights:
1. Company Strategy:
   - Apple is integrating its artificial intelligence technology, Apple Intelligence, into daily tasks on iPhones and Macs, starting with the Summarize feature in Safari. This move indicates a strategy of enhancing user experience and productivity through AI.
   - The focus on the Apple Watch suggests a strategy of targeting specific product categories for AI integration. Sales representatives should be prepared for future announcements regarding the application of Apple Intelligence in the Apple Watch and other products.

2. Competitor Mentions:
   - Fitbit is a key competitor in the wearables market. They have been trying to secure a spot in the growing wearable market and have recently been acquired by Google.
   - Garmin is another competitor in the wearables market, specifically in the fitness segment. They have a wide range of products and a global presence.
   - Sales representatives should be prepared to address customer concerns about the competitor's offerings, highlighting the Apple Watch's position as the most advanced smart watch and the unique value proposition of Apple Intelligence.

3. Leadership Information:
   - No specific leadership information is provided in the details. However, the emphasis on Apple Intelligence suggests a strong focus on AI technology development within the company.
   - Sales representatives should be knowledgeable about Apple's AI strategy and the leadership driving it. This information can be found on Apple's official website and press releases.

Actionable Information:
   - Highlight the unique value proposition of the Apple Watch as the most advanced smart watch, especially in relation to the integration of Apple Intelligence.
   - Be prepared to address questions about competitors Fitbit and Garmin, emphasizing the Apple Watch's superior features and the strength of Apple as a company.
   - Stay updated on Apple's AI strategy and leadership, as this information can be used to demonstrate the company's commitment to innovation and technology development.
2024-12-11 20:41:34,750 - INFO - Insights generated and stored in session state
2024-12-11 20:41:35,585 - INFO - Successfully generated PDF: Account_Insights.pdf
2024-12-11 20:41:35,586 - INFO - PDF generated and download button displayed
2024-12-11 20:41:35,586 - INFO - Application session ended
