2024-12-11 20:38:19,816 - INFO - Application started
2024-12-11 20:38:19,823 - INFO - Application session ended
2024-12-11 20:38:39,608 - INFO - Application started
2024-12-11 20:38:39,614 - INFO - User submitted form with the following inputs:
2024-12-11 20:38:39,614 - INFO - Product Name: dell
2024-12-11 20:38:39,614 - INFO - Company URL: www.dell.com
2024-12-11 20:38:39,614 - INFO - Product Category: computers
2024-12-11 20:38:39,614 - INFO - Competitors: www.apple.com
2024-12-11 20:38:39,614 - INFO - Value Proposition: dell is a gaming computer
2024-12-11 20:38:39,614 - INFO - Target Customer: gamers
2024-12-11 20:38:42,087 - INFO - Successfully scraped website: www.dell.com
2024-12-11 20:38:45,557 - INFO - Successfully scraped website: www.apple.com
2024-12-11 20:38:46,601 - INFO - Generated Insights:
1. Company Strategy: Dell is positioning itself in the generative AI market through its collaboration with Intel. The deployment guide focuses on Dell Generative AI Solutions with Intel, specifically for content summarization. This strategy targets enterprises and provides them with a comprehensive solution, including software, hardware, and networking requirements. As a sales representative, focus on the unique value proposition of Dell's gaming computers while also highlighting the company's investment in AI technology to expand your offering to potential gamer clients.

2. Competitor Mentions: Apple has introduced a Summarize feature in Safari using Apple Intelligence. While this feature is not yet widely available, it indicates that Apple is investing in AI-powered solutions for everyday tasks. As a sales representative, be prepared to address this feature and differentiate Dell's generative AI offerings for enterprises from Apple's consumer-focused solution. Emphasize Dell's expertise in gaming computers and how their AI technology can provide added value to gamers.

3. Leadership Information: There is no specific leadership information provided in the details. However, research Dell's and Intel's leadership teams and their involvement in AI and gaming markets. Share any recent announcements or achievements related to AI technology and gaming computers to demonstrate the company's commitment and thought leadership in these areas. Use this information to build credibility and confidence with potential clients.

Actionable and concise information for the sales representative:
- Dell is investing in generative AI technology through its collaboration with Intel, targeting enterprises with a comprehensive solution for content summarization.
- Apple has introduced a Summarize feature in Safari, but it is not yet widely available. Differentiate Dell's enterprise AI offerings from Apple's consumer-focused solution.
- Research Dell's and Intel's leadership teams and their involvement in AI and gaming markets. Share recent announcements or achievements related to AI technology and gaming computers to demonstrate company commitment and thought leadership.
- Focus on Dell's expertise in gaming computers and how their AI technology can provide added value to gamers.
2024-12-11 20:38:46,601 - INFO - Insights generated and stored in session state
2024-12-11 20:38:47,430 - INFO - Successfully generated PDF: Account_Insights.pdf
2024-12-11 20:38:47,431 - INFO - PDF generated and download button displayed
2024-12-11 20:38:47,431 - INFO - Application session ended
2024-12-11 20:40:06,512 - INFO - Application started
