2024-12-12 11:10:54,928 - INFO - Application reset
2024-12-12 11:10:58,969 - INFO - Application started
2024-12-12 11:10:58,978 - INFO - Application session ended
2024-12-12 11:12:25,029 - INFO - Application started
2024-12-12 11:12:25,038 - INFO - User submitted form with the following inputs:
2024-12-12 11:12:25,038 - INFO - Product Name: dyson vaccum
2024-12-12 11:12:25,038 - INFO - Company URL: www.dyson.com
2024-12-12 11:12:25,038 - INFO - Product Category: vacuum
2024-12-12 11:12:25,038 - INFO - Competitors: www.lg.com
2024-12-12 11:12:25,038 - INFO - Value Proposition: dyson is more powerful vacuum
2024-12-12 11:12:25,039 - INFO - Target Customer: households
2024-12-12 11:12:27,639 - INFO - Successfully scraped website: www.dyson.com
2024-12-12 11:12:30,306 - INFO - Successfully scraped website: www.lg.com
2024-12-12 11:12:31,813 - INFO - Generated Insights:
Product and Company Overview:
Dyson is a technology company known for its innovative and powerful vacuums. Their latest product, the Dyson vacuum, showcases the company's commitment to engineering excellence and cutting-edge design. Key features include advanced suction technology, lightweight and ergonomic design, and smart capabilities for continuous improvement. A recent press release announces Dyson's £2.75bn five-year investment plan, focusing on machines that use software and connectivity to self-improve.

Competitive Landscape:
Compared to LG Electronics, Dyson's primary competitor, Dyson offers a more powerful vacuum with a stronger focus on design and engineering. LG's product line is broader, encompassing various electronics, while Dyson specializes in vacuums and other home appliances.

Strengths:
- Powerful suction technology
- Cutting-edge design and engineering
- Smart capabilities for continuous improvement

Weaknesses:
- Higher price point than competitors
- Limited product range compared to competitors

Opportunities:
- Expand into other home appliance categories
- Leverage smart capabilities to create a connected home ecosystem

Threats:
- Competitors offering similar performance at lower prices
- Market saturation in the vacuum industry

Target Customer Analysis:
Ideal customer persona:
- Demographics: Households with middle to high income
- Psychographics: Values cleanliness, convenience, and innovation
- Behavioral characteristics: Prioritizes high-performance household appliances

Key pain points:
- Insufficient suction power
- Difficulty maneuvering heavy vacuums
- Outdated, inconvenient appliances

Unique Selling Proposition (USP): Dyson is the only vacuum that combines powerful suction, lightweight and ergonomic design, and smart capabilities for a superior cleaning experience.

Sales Strategy and Approach:
Sales approach: Consultative selling, focusing on the unique needs and pain points of each customer

Potential objections and counterarguments:
- Objection: High price point
- Counterargument: Dyson's superior performance, design, and innovation justify the higher cost.

Effective sales channels:
- In-store demonstrations at home appliance retailers
- Online sales through the Dyson website and e-commerce platforms

Sample Sales Pitch Outline:
1. Attention-grabbing: Discover the game-changing Dyson vacuum, designed for powerful cleaning and unmatched convenience.
2. Solution presentation: Address common pain points in vacuuming, such as insufficient suction power and heavy, unwieldy appliances.
3. Product highlights and benefits: Dyson's superior suction technology, ergonomic design, and smart capabilities deliver a superior cleaning experience.
4. Call to action: Upgrade your vacuuming routine with Dyson, and enjoy a cleaner, more comfortable home.

Sample Social Media Posts:
1. Tired of wrestling with heavy vacuums and subpar suction? #Dyson has you covered! Our powerful, lightweight vacuums make cleaning a breeze! #CleanHome #Innovation
2. Say goodbye to outdated appliances! Upgrade to a #Dyson vacuum for unmatched performance and smart capabilities. Your home will thank you! #HomeAppliances #SmartHome
2024-12-12 11:12:31,813 - INFO - Insights generated and stored in session state
2024-12-12 11:12:31,818 - INFO - Successfully generated PDF: Account_Insights.pdf
2024-12-12 11:12:31,819 - INFO - PDF generated and download button displayed
2024-12-12 11:12:31,819 - INFO - Application session ended
2024-12-12 11:12:47,730 - INFO - Application started
2024-12-12 11:12:47,738 - INFO - Successfully generated PDF: Account_Insights.pdf
2024-12-12 11:12:47,740 - INFO - PDF generated and download button displayed
2024-12-12 11:12:47,740 - INFO - Application session ended
2024-12-12 11:18:39,434 - INFO - Application started
2024-12-12 11:18:39,448 - INFO - Successfully generated PDF: Account_Insights.pdf
2024-12-12 11:18:39,451 - INFO - PDF generated and download button displayed
2024-12-12 11:18:39,451 - INFO - Application session ended
2024-12-12 11:18:42,367 - INFO - Application started
