2024-12-11 21:04:36,203 - INFO - Application started
2024-12-11 21:04:36,209 - INFO - Application session ended
2024-12-11 21:04:51,233 - INFO - Application started
2024-12-11 21:04:51,238 - INFO - User submitted form with the following inputs:
2024-12-11 21:04:51,238 - INFO - Product Name: dell
2024-12-11 21:04:51,238 - INFO - Company URL: www.dell.com
2024-12-11 21:04:51,239 - INFO - Product Category: computers
2024-12-11 21:04:51,239 - INFO - Competitors: www.apple.com
2024-12-11 21:04:51,239 - INFO - Value Proposition: dell is for gamers
2024-12-11 21:04:51,239 - INFO - Target Customer: gamers
2024-12-11 21:04:54,731 - INFO - Successfully scraped website: www.dell.com
2024-12-11 21:04:57,507 - INFO - Successfully scraped website: www.apple.com
2024-12-11 21:04:58,388 - INFO - Generated Insights:
1. Company Strategy: Dell Technologies is focusing on the deployment and installation of Dell Generative AI Solutions with Intel, specifically for content summarization. This strategy targets enterprise customers and offers them a solution that includes software, hardware, and networking requirements. As a sales representative, you should emphasize Dell's expertise in providing comprehensive AI solutions and customizable hardware for gaming enthusiasts.

2. Competitor Mentions: Apple has introduced a Summarize feature in Safari, utilizing Apple Intelligence for webpage summarization. While this feature is not directly related to gaming, it is essential to acknowledge Apple's advancements in AI and its potential impact on the market. As a sales representative, highlight Dell's commitment to gaming and customization, setting it apart from competitors focusing on general AI features.

3. Leadership Information: Although no specific leadership information is provided, focus on Dell's strong reputation and commitment to gaming and AI technology. Emphasize the company's collaboration with Intel, a well-known leader in technology and AI, to demonstrate the strength and credibility of Dell's AI solutions. As a sales representative, use this information to establish trust with potential gamer clients and showcase the benefits of choosing Dell for their AI and gaming needs.

Actionable Information for Sales Representative:

* Highlight Dell's expertise in AI solutions and customizable hardware for gaming.
* Acknowledge Apple's Summarize feature but emphasize Dell's focus on gaming and customization.
* Utilize Dell's collaboration with Intel to establish trust and credibility.
* Target gamers as the primary customer base and showcase the benefits of Dell's AI solutions for their needs.
2024-12-11 21:04:58,388 - INFO - Insights generated and stored in session state
2024-12-11 21:04:59,218 - INFO - Successfully generated PDF: Account_Insights.pdf
2024-12-11 21:04:59,219 - INFO - PDF generated and download button displayed
2024-12-11 21:04:59,220 - INFO - Application session ended
2024-12-11 21:05:03,733 - INFO - Application started
2024-12-11 21:05:04,561 - INFO - Successfully generated PDF: Account_Insights.pdf
2024-12-11 21:05:04,562 - INFO - PDF generated and download button displayed
2024-12-11 21:05:04,562 - INFO - Application session ended
