2024-12-12 10:28:16,115 - INFO - Application reset
2024-12-12 10:28:20,117 - INFO - Application started
2024-12-12 10:28:20,122 - INFO - Application session ended
2024-12-12 10:29:00,664 - INFO - Application started
2024-12-12 10:29:00,670 - INFO - User submitted form with the following inputs:
2024-12-12 10:29:00,670 - INFO - Product Name: Ipad
2024-12-12 10:29:00,670 - INFO - Company URL: www.apple.com
2024-12-12 10:29:00,670 - INFO - Product Category: tablets
2024-12-12 10:29:00,670 - INFO - Competitors: www.samsung.com
2024-12-12 10:29:00,670 - INFO - Value Proposition: ipad is the most advanced tablet
2024-12-12 10:29:00,670 - INFO - Target Customer: professionals
2024-12-12 10:29:04,197 - INFO - Successfully scraped website: www.apple.com
2024-12-12 10:29:07,116 - INFO - Successfully scraped website: www.samsung.com
2024-12-12 10:29:08,488 - INFO - Generated Insights:
Product and Company Overview:
Apple's iPad, a top-tier tablet, offers advanced features and benefits for professionals. Its AI-powered text summarization tool, exclusive to Apple Intelligence, saves time and increases productivity by condensing emails, articles, and other text into concise summaries (currently English-only). Stay informed with minimal effort and enjoy a seamless experience across iPhone, iPad, and Mac devices. [Press Release](https://www.apple.com/newsroom/2023/02/apple-intelligence-now-offers-ai-powered-text-summarization/)

Competitive Landscape:
Compared to Samsung Browser's Summarize/Translate feature (available on Galaxy S24 Series), the iPad's AI-powered text summarization stands out due to its compatibility with various Apple devices and its seamless integration with the Apple ecosystem. Samsung's offering is limited to webpages and is only available on specific models.

Strengths:
- AI-powered text summarization
- Cross-device compatibility (iPhone, iPad, Mac)
- Seamless integration with Apple ecosystem

Weaknesses:
- Limited to English language
- No webpage summarization feature
- No availability on non-Apple devices

Target Customer Analysis:
Ideal customer persona: Professionals aged 25-55, tech-savvy, time-conscious, seeking productivity tools, and already within the Apple ecosystem.

Key pain points:
- Time-consuming reading of lengthy emails and articles
- Difficulty staying informed due to information overload
- Inefficient summarization methods

Unique Selling Proposition: The iPad, with Apple Intelligence's AI-powered text summarization, offers professionals a seamless and efficient way to stay informed, addressing their time constraints and productivity needs.

Sales Strategy and Approach:
Consultative selling is ideal, allowing sales representatives to understand customers' needs and demonstrate how the iPad's AI-powered summarization tool can enhance productivity. Potential objections can be countered by emphasizing the time-saving benefits and the seamless integration with existing Apple devices. Recommended sales channels include Apple Stores, online Apple channels, and B2B platforms.

Sample Sales Pitch:
1. Attention-grabbing: "Say goodbye to information overload!"
2. Solution presentation: "The iPad, with Apple Intelligence, condenses emails, articles, and other text into concise summaries, allowing you to stay informed with minimal effort."
3. Product highlights and benefits: "Experience cross-device compatibility, seamless integration with your Apple ecosystem, and the power of AI at your fingertips."
4. Call to action: "Upgrade your productivity today and discover how the iPad's exclusive text summarization tool can transform the way you work."

Social Media Content:
1. Post: "Never miss a beat! Stay informed with ease using the iPad's AI-powered text summarization. #AppleIntelligence #Productivity #iPad"
2. Post: "Say goodbye to endless scrolling and hello to efficiency! The iPad's summarization tool handles the hard work for you. #TimeSaving #iPad #AppleEcosystem"
2024-12-12 10:29:08,489 - INFO - Insights generated and stored in session state
2024-12-12 10:29:08,495 - INFO - Successfully generated PDF: Account_Insights.pdf
2024-12-12 10:29:08,496 - INFO - PDF generated and download button displayed
2024-12-12 10:29:08,496 - INFO - Application session ended
2024-12-12 10:30:50,961 - INFO - Application started
2024-12-12 10:30:50,975 - INFO - Successfully generated PDF: Account_Insights.pdf
2024-12-12 10:30:50,976 - INFO - PDF generated and download button displayed
2024-12-12 10:30:50,976 - INFO - Application session ended
2024-12-12 10:32:18,045 - INFO - Application started
